<?xml version="1.0" encoding="UTF-8"?>
<testExecutions version="1">
  <file path="C:\Users\Utente\Desktop\Università\Software Engineering 2\Project\se2021-07-SolidarityPurchasingGroup\server\tests\api-users.test.js">
    <testCase name="Testing POST on /login It should respond with 200 status code" duration="175"/>
    <testCase name="Testing POST on /login It should respond with 401 (Unauthorized) status code Case of wrong username" duration="21"/>
    <testCase name="Testing POST on /login It should respond with 401 (Unauthorized) status code Case of wrong password" duration="133"/>
    <testCase name="Testing DELETE on /logout It should respond with a 200 status code" duration="119"/>
    <testCase name="Testing POST on /api/shopemployee It should respond with 200 status code" duration="122"/>
    <testCase name="Testing POST on /api/shopemployee It should respond with 400 (Bad Request) status code Case of one parameter missing" duration="44"/>
    <testCase name="Testing POST on /api/shopemployee It should respond with 400 (Bad Request) status code Case of wrong &apos;username&apos; parameter type" duration="50"/>
    <testCase name="Testing POST on /api/shopemployee It should respond with 400 (Bad Request) status code Case of wrong &apos;password&apos; parameter type" duration="59"/>
    <testCase name="Testing POST on /api/shopemployee It should respond with 400 (Bad Request) status code Case of wrong &apos;type&apos; parameter type" duration="50"/>
    <testCase name="Testing GET on /api/usernames It should respond with an array of farmers" duration="24"/>
    <testCase name="Testing GET on /api/usernames It should respond with a 200 status code" duration="27"/>
    <testCase name="Testing GET on /api/usernames It should respond with a 404 status code" duration="25"/>
    <testCase name="Testing POST on /api/farmer It should respond with 200 status code" duration="158"/>
    <testCase name="Testing POST on /api/farmer It should respond with 400 (Bad Request) status code Case of one parameter missing" duration="280"/>
    <testCase name="Testing POST on /api/farmer It should respond with 400 (Bad Request) status code Case of wrong &apos;username&apos; parameter type" duration="51"/>
    <testCase name="Testing POST on /api/farmer It should respond with 400 (Bad Request) status code Case of wrong &apos;password&apos; parameter type" duration="68"/>
    <testCase name="Testing POST on /api/farmer It should respond with 400 (Bad Request) status code Case of wrong &apos;name&apos; parameter type" duration="44"/>
    <testCase name="Testing POST on /api/farmer It should respond with 400 (Bad Request) status code Case of wrong &apos;surname&apos; parameter type" duration="37"/>
    <testCase name="Testing POST on /api/farmer It should respond with 400 (Bad Request) status code Case of wrong &apos;place&apos; parameter type" duration="35"/>
    <testCase name="Testing POST on /api/farmer It should respond with 400 (Bad Request) status code Case of wrong &apos;place&apos; parameter type" duration="27"/>
    <testCase name="Testing POST on /api/farmer It should respond with 400 (Bad Request) status code Case of wrong &apos;type&apos; parameter type" duration="26"/>
    <testCase name="Testing POST on /api/password It should respond with 200 status code" duration="113"/>
    <testCase name="Testing POST on /api/password It should respond with 400 (Bad Request) status code Case of one parameter missing" duration="36"/>
    <testCase name="Testing POST on /api/password It should respond with 400 (Bad Request) status code Case of wrong &apos;id&apos; parameter type" duration="31"/>
    <testCase name="Testing POST on /api/password It should respond with 400 (Bad Request) status code Case of wrong &apos;password&apos; parameter type" duration="27"/>
  </file>
  <file path="C:\Users\Utente\Desktop\Università\Software Engineering 2\Project\se2021-07-SolidarityPurchasingGroup\server\tests\api-clients.test.js">
    <testCase name="Testing GET on /api/clients It should respond with an array of clients" duration="396"/>
    <testCase name="Testing GET on api/client/:clientid It should respond with the right client" duration="134"/>
    <testCase name="Testing GET on api/client/:clientid It should respond with 200 status" duration="170"/>
    <testCase name="Testing GET on api/client/:clientid It should respond with 404 status" duration="48"/>
    <testCase name="Testing POST on /api/client It should respond with 200 status code" duration="149"/>
    <testCase name="Testing POST on /api/client It should respond with 400 (Bad Request) status code Case of one parameter missing" duration="106"/>
    <testCase name="Testing POST on /api/client It should respond with 400 (Bad Request) status code Case of wrong &apos;name&apos; parameter type" duration="33"/>
    <testCase name="Testing POST on /api/client It should respond with 400 (Bad Request) status code Case of wrong &apos;surname&apos; parameter type" duration="39"/>
    <testCase name="Testing POST on /api/client It should respond with 400 (Bad Request) status code Case of wrong &apos;wallet&apos; parameter type" duration="37"/>
    <testCase name="Testing POST on /api/client It should respond with 400 (Bad Request) status code Case of wrong &apos;address&apos; parameter type" duration="59"/>
    <testCase name="Testing PUT on /api/clients/:clientid It should respond with 200 status code" duration="44"/>
  </file>
  <file path="C:\Users\Utente\Desktop\Università\Software Engineering 2\Project\se2021-07-SolidarityPurchasingGroup\server\tests\order-dao.test.js">
    <testCase name="Testing order-dao functions unused in any api Testing deleteOrder function" duration="89"/>
  </file>
  <file path="C:\Users\Utente\Desktop\Università\Software Engineering 2\Project\se2021-07-SolidarityPurchasingGroup\server\tests\api-completeOrders.test.js">
    <testCase name="Testing GET on /api/completeOrders It should respond with an array of orders with products" duration="18"/>
  </file>
  <file path="C:\Users\Utente\Desktop\Università\Software Engineering 2\Project\se2021-07-SolidarityPurchasingGroup\server\tests\api-orders.test.js">
    <testCase name="Testing PUT on /api/orders/:orderid It should respond with 200 status code" duration="67"/>
    <testCase name="Testing GET on /api/orders It should respond with an array of orders" duration="52"/>
  </file>
  <file path="C:\Users\Utente\Desktop\Università\Software Engineering 2\Project\se2021-07-SolidarityPurchasingGroup\server\tests\api-requests.test.js">
    <testCase name="Testing POST on /api/requests It should respond with 406 status code" duration="25"/>
  </file>
  <file path="C:\Users\Utente\Desktop\Università\Software Engineering 2\Project\se2021-07-SolidarityPurchasingGroup\server\tests\api-products.test.js">
    <testCase name="Testing GET on /api/products It should respond with an array of products" duration="21"/>
    <testCase name="Testing GET on /api/products It should respond with a 200 status code" duration="25"/>
  </file>
  <file path="C:\Users\Utente\Desktop\Università\Software Engineering 2\Project\se2021-07-SolidarityPurchasingGroup\server\tests\orderline-dao.test.js">
    <testCase name="Test orderline-dao functions unused in any api Testing getOrderLines function" duration="22"/>
  </file>
  <file path="C:\Users\Utente\Desktop\Università\Software Engineering 2\Project\se2021-07-SolidarityPurchasingGroup\server\tests\api-farmers.test.js">
    <testCase name="Testing GET on /api/farmers It should respond with an array of farmers" duration="26"/>
    <testCase name="Testing GET on /api/farmers It should respond with a 200 status code" duration="22"/>
    <testCase name="Testing GET on /api/farmers It should respond with a 404 status code" duration="25"/>
  </file>
  <file path="C:\Users\Utente\Desktop\Università\Software Engineering 2\Project\se2021-07-SolidarityPurchasingGroup\server\tests\product-dao.test.js">
    <testCase name="Test product-dao functions unused in any api Testing getProductById function" duration="20"/>
  </file>
  <file path="C:\Users\Utente\Desktop\Università\Software Engineering 2\Project\se2021-07-SolidarityPurchasingGroup\server\tests\user-dao.test.js">
    <testCase name="Testing user-dao functions unused in any api Testing getUserById function" duration="102"/>
  </file>
</testExecutions>