<?xml version="1.0" encoding="UTF-8"?>
<testExecutions version="1">
  <file path="C:\Users\Utente\Desktop\Università\Software Engineering 2\Project\se2021-07-SolidarityPurchasingGroup\server\tests\api-users.test.js">
    <testCase name="Testing POST on /login It should respond with 200 status code" duration="236"/>
    <testCase name="Testing POST on /login It should respond with 401 (Unauthorized) status code Case of wrong username" duration="35"/>
    <testCase name="Testing POST on /login It should respond with 401 (Unauthorized) status code Case of wrong password" duration="112"/>
    <testCase name="Testing DELETE on /logout It should respond with a 200 status code" duration="148"/>
    <testCase name="Testing POST on /api/shopemployee It should respond with 200 status code" duration="148"/>
    <testCase name="Testing POST on /api/shopemployee It should respond with 400 (Bad Request) status code Case of one parameter missing" duration="70"/>
    <testCase name="Testing POST on /api/shopemployee It should respond with 400 (Bad Request) status code Case of wrong &apos;username&apos; parameter type" duration="59"/>
    <testCase name="Testing POST on /api/shopemployee It should respond with 400 (Bad Request) status code Case of wrong &apos;password&apos; parameter type" duration="52"/>
    <testCase name="Testing POST on /api/shopemployee It should respond with 400 (Bad Request) status code Case of wrong &apos;type&apos; parameter type" duration="58"/>
  </file>
  <file path="C:\Users\Utente\Desktop\Università\Software Engineering 2\Project\se2021-07-SolidarityPurchasingGroup\server\tests\api-clients.test.js">
    <testCase name="Testing GET on /api/clients It should respond with an array of clients" duration="388"/>
    <testCase name="Testing POST on /api/client It should respond with 200 status code" duration="159"/>
    <testCase name="Testing POST on /api/client It should respond with 400 (Bad Request) status code Case of one parameter missing" duration="117"/>
    <testCase name="Testing POST on /api/client It should respond with 400 (Bad Request) status code Case of wrong &apos;name&apos; parameter type" duration="43"/>
    <testCase name="Testing POST on /api/client It should respond with 400 (Bad Request) status code Case of wrong &apos;surname&apos; parameter type" duration="40"/>
    <testCase name="Testing POST on /api/client It should respond with 400 (Bad Request) status code Case of wrong &apos;wallet&apos; parameter type" duration="40"/>
    <testCase name="Testing POST on /api/client It should respond with 400 (Bad Request) status code Case of wrong &apos;address&apos; parameter type" duration="33"/>
    <testCase name="Testing PUT on /api/clients/:clientid It should respond with 200 status code" duration="47"/>
  </file>
  <file path="C:\Users\Utente\Desktop\Università\Software Engineering 2\Project\se2021-07-SolidarityPurchasingGroup\server\tests\api-products.test.js">
    <testCase name="Testing GET on /api/products It should respond with an array of products" duration="40"/>
    <testCase name="Testing GET on /api/products It should respond with a 200 status code" duration="33"/>
  </file>
  <file path="C:\Users\Utente\Desktop\Università\Software Engineering 2\Project\se2021-07-SolidarityPurchasingGroup\server\tests\api-orders.test.js">
    <testCase name="Testing PUT on /api/orders/:orderid It should respond with 200 status code" duration="84"/>
    <testCase name="Testing GET on /api/orders It should respond with an array of orders" duration="46"/>
  </file>
  <file path="C:\Users\Utente\Desktop\Università\Software Engineering 2\Project\se2021-07-SolidarityPurchasingGroup\server\tests\api-completeOrders.test.js">
    <testCase name="Testing GET on /api/completeOrders It should respond with an array of orders with products" duration="21"/>
  </file>
  <file path="C:\Users\Utente\Desktop\Università\Software Engineering 2\Project\se2021-07-SolidarityPurchasingGroup\server\tests\api-farmers.test.js">
    <testCase name="Testing GET on /api/farmers It should respond with an array of farmers" duration="22"/>
    <testCase name="Testing GET on /api/farmers It should respond with a 200 status code" duration="121"/>
    <testCase name="Testing GET on /api/farmers It should respond with a 404 status code" duration="42"/>
  </file>
  <file path="C:\Users\Utente\Desktop\Università\Software Engineering 2\Project\se2021-07-SolidarityPurchasingGroup\server\tests\api-requests.test.js">
    <testCase name="Testing POST on /api/requests It should respond with 406 status code" duration="48"/>
  </file>
</testExecutions>